<?xml version="1.0" encoding="UTF-8"?>
<testsuite xmlns:xsi="http://www.w3.org/2001/XMLSchema-instance" xsi:noNamespaceSchemaLocation="https://maven.apache.org/surefire/maven-surefire-plugin/xsd/surefire-test-report.xsd" version="3.0.2" name="moviefinder.MovieFinderTest" time="0.208" tests="5" errors="0" skipped="0" failures="0">
  <properties>
[...]
</properties>
  <testcase name="testXmlConfiguration" classname="moviefinder.MovieFinderTest" time="0.093"/>
  <testcase name="testSetterInjection" classname="moviefinder.MovieFinderTest" time="0.074"/>
  <testcase name="testSwapImplementation_Xml" classname="moviefinder.MovieFinderTest" time="0.013"/>
  <testcase name="testConstructorInjection" classname="moviefinder.MovieFinderTest" time="0.008"/>
  <testcase name="testSwapImplementation_JavaConfig" classname="moviefinder.MovieFinderTest" time="0.002"/>
</testsuite>