<?xml version="1.0" encoding="UTF-8"?>
<testsuite xmlns:xsi="http://www.w3.org/2001/XMLSchema-instance" xsi:noNamespaceSchemaLocation="https://maven.apache.org/surefire/maven-surefire-plugin/xsd/surefire-test-report-3.0.xsd" version="3.0" name="com.example.batch.BatchEtlJobTest" time="0.956" tests="3" errors="0" skipped="0" failures="0">
  <properties>
[...]
</properties>
  <testcase name="engineeringEmployee_hasCorrectBonus" classname="com.example.batch.BatchEtlJobTest" time="0.285">
    <system-out><![CDATA[17:29:55.671 [main] INFO org.springframework.test.context.support.AnnotationConfigContextLoaderUtils -- Could not detect default configuration classes for test class [com.example.batch.BatchEtlJobTest]: BatchEtlJobTest does not declare any static, non-private, non-final, nested classes annotated with @Configuration.
17:29:55.704 [main] INFO org.springframework.boot.test.context.SpringBootTestContextBootstrapper -- Found @SpringBootConfiguration com.example.batch.BatchEtlApplication for test class com.example.batch.BatchEtlJobTest

  .   ____          _            __ _ _
 /\\ / ___'_ __ _ _(_)_ __  __ _ \ \ \ \
( ( )\___ | '_ | '_| | '_ \/ _` | \ \ \ \
 \\/  ___)| |_)| | | | | || (_| |  ) ) ) )
  '  |____| .__|_| |_|_| |_\__, | / / / /
 =========|_|==============|___/=/_/_/_/
 :: Spring Boot ::                (v3.2.4)

2026-04-17T17:29:55.821+08:00  INFO 57658 --- [           main] com.example.batch.BatchEtlJobTest        : Starting BatchEtlJobTest using Java 25.0.2 with PID 57658 (started by chun in /Users/chun/Develop/software-architecture-explained-with-spring/examples/10-pipefilter/batch-etl)
2026-04-17T17:29:55.821+08:00  INFO 57658 --- [           main] com.example.batch.BatchEtlJobTest        : No active profile set, falling back to 1 default profile: "default"
2026-04-17T17:29:56.009+08:00  WARN 57658 --- [           main] trationDelegate$BeanPostProcessorChecker : Bean 'org.springframework.boot.autoconfigure.jdbc.DataSourceConfiguration$Hikari' of type [org.springframework.boot.autoconfigure.jdbc.DataSourceConfiguration$Hikari] is not eligible for getting processed by all BeanPostProcessors (for example: not eligible for auto-proxying). Is this bean getting eagerly injected into a currently created BeanPostProcessor [jobRegistryBeanPostProcessor]? Check the corresponding BeanPostProcessor declaration and its dependencies.
2026-04-17T17:29:56.017+08:00  WARN 57658 --- [           main] trationDelegate$BeanPostProcessorChecker : Bean 'spring.datasource-org.springframework.boot.autoconfigure.jdbc.DataSourceProperties' of type [org.springframework.boot.autoconfigure.jdbc.DataSourceProperties] is not eligible for getting processed by all BeanPostProcessors (for example: not eligible for auto-proxying). Is this bean getting eagerly injected into a currently created BeanPostProcessor [jobRegistryBeanPostProcessor]? Check the corresponding BeanPostProcessor declaration and its dependencies.
2026-04-17T17:29:56.018+08:00  WARN 57658 --- [           main] trationDelegate$BeanPostProcessorChecker : Bean 'org.springframework.boot.autoconfigure.jdbc.DataSourceAutoConfiguration$PooledDataSourceConfiguration' of type [org.springframework.boot.autoconfigure.jdbc.DataSourceAutoConfiguration$PooledDataSourceConfiguration] is not eligible for getting processed by all BeanPostProcessors (for example: not eligible for auto-proxying). Is this bean getting eagerly injected into a currently created BeanPostProcessor [jobRegistryBeanPostProcessor]? Check the corresponding BeanPostProcessor declaration and its dependencies.
2026-04-17T17:29:56.018+08:00  WARN 57658 --- [           main] trationDelegate$BeanPostProcessorChecker : Bean 'jdbcConnectionDetails' of type [org.springframework.boot.autoconfigure.jdbc.PropertiesJdbcConnectionDetails] is not eligible for getting processed by all BeanPostProcessors (for example: not eligible for auto-proxying). Is this bean getting eagerly injected into a currently created BeanPostProcessor [jobRegistryBeanPostProcessor]? Check the corresponding BeanPostProcessor declaration and its dependencies.
2026-04-17T17:29:56.025+08:00  WARN 57658 --- [           main] trationDelegate$BeanPostProcessorChecker : Bean 'dataSource' of type [com.zaxxer.hikari.HikariDataSource] is not eligible for getting processed by all BeanPostProcessors (for example: not eligible for auto-proxying). Is this bean getting eagerly injected into a currently created BeanPostProcessor [jobRegistryBeanPostProcessor]? Check the corresponding BeanPostProcessor declaration and its dependencies.
2026-04-17T17:29:56.027+08:00  WARN 57658 --- [           main] trationDelegate$BeanPostProcessorChecker : Bean 'org.springframework.boot.autoconfigure.jdbc.DataSourceTransactionManagerAutoConfiguration$JdbcTransactionManagerConfiguration' of type [org.springframework.boot.autoconfigure.jdbc.DataSourceTransactionManagerAutoConfiguration$JdbcTransactionManagerConfiguration] is not eligible for getting processed by all BeanPostProcessors (for example: not eligible for auto-proxying). Is this bean getting eagerly injected into a currently created BeanPostProcessor [jobRegistryBeanPostProcessor]? Check the corresponding BeanPostProcessor declaration and its dependencies.
2026-04-17T17:29:56.030+08:00  WARN 57658 --- [           main] trationDelegate$BeanPostProcessorChecker : Bean 'org.springframework.boot.autoconfigure.transaction.TransactionManagerCustomizationAutoConfiguration' of type [org.springframework.boot.autoconfigure.transaction.TransactionManagerCustomizationAutoConfiguration] is not eligible for getting processed by all BeanPostProcessors (for example: not eligible for auto-proxying). Is this bean getting eagerly injected into a currently created BeanPostProcessor [jobRegistryBeanPostProcessor]? Check the corresponding BeanPostProcessor declaration and its dependencies.
2026-04-17T17:29:56.032+08:00  WARN 57658 --- [           main] trationDelegate$BeanPostProcessorChecker : Bean 'transactionExecutionListeners' of type [org.springframework.boot.autoconfigure.transaction.ExecutionListenersTransactionManagerCustomizer] is not eligible for getting processed by all BeanPostProcessors (for example: not eligible for auto-proxying). Is this bean getting eagerly injected into a currently created BeanPostProcessor [jobRegistryBeanPostProcessor]? Check the corresponding BeanPostProcessor declaration and its dependencies.
2026-04-17T17:29:56.033+08:00  WARN 57658 --- [           main] trationDelegate$BeanPostProcessorChecker : Bean 'spring.transaction-org.springframework.boot.autoconfigure.transaction.TransactionProperties' of type [org.springframework.boot.autoconfigure.transaction.TransactionProperties] is not eligible for getting processed by all BeanPostProcessors (for example: not eligible for auto-proxying). Is this bean getting eagerly injected into a currently created BeanPostProcessor [jobRegistryBeanPostProcessor]? Check the corresponding BeanPostProcessor declaration and its dependencies.
2026-04-17T17:29:56.033+08:00  WARN 57658 --- [           main] trationDelegate$BeanPostProcessorChecker : Bean 'platformTransactionManagerCustomizers' of type [org.springframework.boot.autoconfigure.transaction.TransactionManagerCustomizers] is not eligible for getting processed by all BeanPostProcessors (for example: not eligible for auto-proxying). Is this bean getting eagerly injected into a currently created BeanPostProcessor [jobRegistryBeanPostProcessor]? Check the corresponding BeanPostProcessor declaration and its dependencies.
2026-04-17T17:29:56.035+08:00  WARN 57658 --- [           main] trationDelegate$BeanPostProcessorChecker : Bean 'transactionManager' of type [org.springframework.jdbc.support.JdbcTransactionManager] is not eligible for getting processed by all BeanPostProcessors (for example: not eligible for auto-proxying). Is this bean getting eagerly injected into a currently created BeanPostProcessor [jobRegistryBeanPostProcessor]? Check the corresponding BeanPostProcessor declaration and its dependencies.
2026-04-17T17:29:56.037+08:00  WARN 57658 --- [           main] trationDelegate$BeanPostProcessorChecker : Bean 'spring.batch-org.springframework.boot.autoconfigure.batch.BatchProperties' of type [org.springframework.boot.autoconfigure.batch.BatchProperties] is not eligible for getting processed by all BeanPostProcessors (for example: not eligible for auto-proxying). Is this bean getting eagerly injected into a currently created BeanPostProcessor [jobRegistryBeanPostProcessor]? Check the corresponding BeanPostProcessor declaration and its dependencies.
2026-04-17T17:29:56.040+08:00  WARN 57658 --- [           main] trationDelegate$BeanPostProcessorChecker : Bean 'org.springframework.boot.autoconfigure.batch.BatchAutoConfiguration$SpringBootBatchConfiguration' of type [org.springframework.boot.autoconfigure.batch.BatchAutoConfiguration$SpringBootBatchConfiguration] is not eligible for getting processed by all BeanPostProcessors (for example: not eligible for auto-proxying). The currently created BeanPostProcessor [jobRegistryBeanPostProcessor] is declared through a non-static factory method on that class; consider declaring it as static instead.
2026-04-17T17:29:56.054+08:00  INFO 57658 --- [           main] com.zaxxer.hikari.HikariDataSource       : HikariPool-1 - Starting...
2026-04-17T17:29:56.118+08:00  INFO 57658 --- [           main] com.zaxxer.hikari.pool.HikariPool        : HikariPool-1 - Added connection conn0: url=jdbc:h2:mem:testdb user=SA
2026-04-17T17:29:56.119+08:00  INFO 57658 --- [           main] com.zaxxer.hikari.HikariDataSource       : HikariPool-1 - Start completed.
2026-04-17T17:29:56.220+08:00  INFO 57658 --- [           main] com.example.batch.BatchEtlJobTest        : Started BatchEtlJobTest in 0.482 seconds (process running for 0.75)
2026-04-17T17:29:56.221+08:00  INFO 57658 --- [           main] o.s.b.a.b.JobLauncherApplicationRunner   : Running default command line with: []
2026-04-17T17:29:56.234+08:00  INFO 57658 --- [           main] o.s.b.c.l.support.SimpleJobLauncher      : Job: [SimpleJob: [name=etlJob]] launched with the following parameters: [{}]
2026-04-17T17:29:56.243+08:00  INFO 57658 --- [           main] o.s.batch.core.job.SimpleStepHandler     : Executing step: [etlStep]
2026-04-17T17:29:56.265+08:00  INFO 57658 --- [           main] com.example.batch.PersonItemProcessor    : Processing: Person[firstName=Jill, lastName=Doe, department=Engineering, salary=80000] -> PersonReport[fullName=JILL DOE, department=Engineering, salary=80000, bonus=16000]
2026-04-17T17:29:56.267+08:00  INFO 57658 --- [           main] com.example.batch.PersonItemProcessor    : Processing: Person[firstName=Joe, lastName=Doe, department=Sales, salary=60000] -> PersonReport[fullName=JOE DOE, department=Sales, salary=60000, bonus=9000]
2026-04-17T17:29:56.267+08:00  INFO 57658 --- [           main] com.example.batch.PersonItemProcessor    : Processing: Person[firstName=Justin, lastName=Doe, department=HR, salary=55000] -> PersonReport[fullName=JUSTIN DOE, department=HR, salary=55000, bonus=5500]
2026-04-17T17:29:56.272+08:00  INFO 57658 --- [           main] com.example.batch.PersonItemProcessor    : Processing: Person[firstName=Jane, lastName=Doe, department=Engineering, salary=90000] -> PersonReport[fullName=JANE DOE, department=Engineering, salary=90000, bonus=18000]
2026-04-17T17:29:56.272+08:00  INFO 57658 --- [           main] com.example.batch.PersonItemProcessor    : Processing: Person[firstName=John, lastName=Doe, department=Sales, salary=70000] -> PersonReport[fullName=JOHN DOE, department=Sales, salary=70000, bonus=10500]
2026-04-17T17:29:56.272+08:00  INFO 57658 --- [           main] com.example.batch.PersonItemProcessor    : Processing: Person[firstName=Jenny, lastName=Doe, department=HR, salary=50000] -> PersonReport[fullName=JENNY DOE, department=HR, salary=50000, bonus=5000]
2026-04-17T17:29:56.274+08:00  INFO 57658 --- [           main] o.s.batch.core.step.AbstractStep         : Step: [etlStep] executed in 30ms
2026-04-17T17:29:56.276+08:00  INFO 57658 --- [           main] o.s.b.c.l.support.SimpleJobLauncher      : Job: [SimpleJob: [name=etlJob]] completed with the following parameters: [{}] and the following status: [COMPLETED] in 38ms
2026-04-17T17:29:56.541+08:00  INFO 57658 --- [           main] o.s.b.c.l.support.SimpleJobLauncher      : Job: [SimpleJob: [name=etlJob]] launched with the following parameters: [{'random':'{value=8881357994524645516, type=class java.lang.Long, identifying=true}'}]
2026-04-17T17:29:56.543+08:00  INFO 57658 --- [           main] o.s.batch.core.job.SimpleStepHandler     : Executing step: [etlStep]
2026-04-17T17:29:56.544+08:00  INFO 57658 --- [           main] com.example.batch.PersonItemProcessor    : Processing: Person[firstName=Jill, lastName=Doe, department=Engineering, salary=80000] -> PersonReport[fullName=JILL DOE, department=Engineering, salary=80000, bonus=16000]
2026-04-17T17:29:56.544+08:00  INFO 57658 --- [           main] com.example.batch.PersonItemProcessor    : Processing: Person[firstName=Joe, lastName=Doe, department=Sales, salary=60000] -> PersonReport[fullName=JOE DOE, department=Sales, salary=60000, bonus=9000]
2026-04-17T17:29:56.544+08:00  INFO 57658 --- [           main] com.example.batch.PersonItemProcessor    : Processing: Person[firstName=Justin, lastName=Doe, department=HR, salary=55000] -> PersonReport[fullName=JUSTIN DOE, department=HR, salary=55000, bonus=5500]
2026-04-17T17:29:56.546+08:00  INFO 57658 --- [           main] com.example.batch.PersonItemProcessor    : Processing: Person[firstName=Jane, lastName=Doe, department=Engineering, salary=90000] -> PersonReport[fullName=JANE DOE, department=Engineering, salary=90000, bonus=18000]
2026-04-17T17:29:56.546+08:00  INFO 57658 --- [           main] com.example.batch.PersonItemProcessor    : Processing: Person[firstName=John, lastName=Doe, department=Sales, salary=70000] -> PersonReport[fullName=JOHN DOE, department=Sales, salary=70000, bonus=10500]
2026-04-17T17:29:56.546+08:00  INFO 57658 --- [           main] com.example.batch.PersonItemProcessor    : Processing: Person[firstName=Jenny, lastName=Doe, department=HR, salary=50000] -> PersonReport[fullName=JENNY DOE, department=HR, salary=50000, bonus=5000]
2026-04-17T17:29:56.547+08:00  INFO 57658 --- [           main] o.s.batch.core.step.AbstractStep         : Step: [etlStep] executed in 4ms
2026-04-17T17:29:56.549+08:00  INFO 57658 --- [           main] o.s.b.c.l.support.SimpleJobLauncher      : Job: [SimpleJob: [name=etlJob]] completed with the following parameters: [{'random':'{value=8881357994524645516, type=class java.lang.Long, identifying=true}'}] and the following status: [COMPLETED] in 7ms
]]></system-out>
    <system-err><![CDATA[WARNING: A Java agent has been loaded dynamically (/Users/chun/.m2/repository/net/bytebuddy/byte-buddy-agent/1.14.12/byte-buddy-agent-1.14.12.jar)
WARNING: If a serviceability tool is in use, please run with -XX:+EnableDynamicAgentLoading to hide this warning
WARNING: If a serviceability tool is not in use, please run with -Djdk.instrument.traceUsage for more information
WARNING: Dynamic loading of agents will be disallowed by default in a future release
]]></system-err>
  </testcase>
  <testcase name="job_completesSuccessfully" classname="com.example.batch.BatchEtlJobTest" time="0.01">
    <system-out><![CDATA[2026-04-17T17:29:56.567+08:00  INFO 57658 --- [           main] o.s.b.c.l.support.SimpleJobLauncher      : Job: [SimpleJob: [name=etlJob]] launched with the following parameters: [{'random':'{value=-4311490262353310312, type=class java.lang.Long, identifying=true}'}]
2026-04-17T17:29:56.568+08:00  INFO 57658 --- [           main] o.s.batch.core.job.SimpleStepHandler     : Executing step: [etlStep]
2026-04-17T17:29:56.570+08:00  INFO 57658 --- [           main] com.example.batch.PersonItemProcessor    : Processing: Person[firstName=Jill, lastName=Doe, department=Engineering, salary=80000] -> PersonReport[fullName=JILL DOE, department=Engineering, salary=80000, bonus=16000]
2026-04-17T17:29:56.570+08:00  INFO 57658 --- [           main] com.example.batch.PersonItemProcessor    : Processing: Person[firstName=Joe, lastName=Doe, department=Sales, salary=60000] -> PersonReport[fullName=JOE DOE, department=Sales, salary=60000, bonus=9000]
2026-04-17T17:29:56.570+08:00  INFO 57658 --- [           main] com.example.batch.PersonItemProcessor    : Processing: Person[firstName=Justin, lastName=Doe, department=HR, salary=55000] -> PersonReport[fullName=JUSTIN DOE, department=HR, salary=55000, bonus=5500]
2026-04-17T17:29:56.571+08:00  INFO 57658 --- [           main] com.example.batch.PersonItemProcessor    : Processing: Person[firstName=Jane, lastName=Doe, department=Engineering, salary=90000] -> PersonReport[fullName=JANE DOE, department=Engineering, salary=90000, bonus=18000]
2026-04-17T17:29:56.571+08:00  INFO 57658 --- [           main] com.example.batch.PersonItemProcessor    : Processing: Person[firstName=John, lastName=Doe, department=Sales, salary=70000] -> PersonReport[fullName=JOHN DOE, department=Sales, salary=70000, bonus=10500]
2026-04-17T17:29:56.571+08:00  INFO 57658 --- [           main] com.example.batch.PersonItemProcessor    : Processing: Person[firstName=Jenny, lastName=Doe, department=HR, salary=50000] -> PersonReport[fullName=JENNY DOE, department=HR, salary=50000, bonus=5000]
2026-04-17T17:29:56.573+08:00  INFO 57658 --- [           main] o.s.batch.core.step.AbstractStep         : Step: [etlStep] executed in 4ms
2026-04-17T17:29:56.574+08:00  INFO 57658 --- [           main] o.s.b.c.l.support.SimpleJobLauncher      : Job: [SimpleJob: [name=etlJob]] completed with the following parameters: [{'random':'{value=-4311490262353310312, type=class java.lang.Long, identifying=true}'}] and the following status: [COMPLETED] in 6ms
]]></system-out>
  </testcase>
  <testcase name="allRows_areWrittenToDatabase" classname="com.example.batch.BatchEtlJobTest" time="0.01">
    <system-out><![CDATA[2026-04-17T17:29:56.577+08:00  INFO 57658 --- [           main] o.s.b.c.l.support.SimpleJobLauncher      : Job: [SimpleJob: [name=etlJob]] launched with the following parameters: [{'random':'{value=6507697339280426910, type=class java.lang.Long, identifying=true}'}]
2026-04-17T17:29:56.579+08:00  INFO 57658 --- [           main] o.s.batch.core.job.SimpleStepHandler     : Executing step: [etlStep]
2026-04-17T17:29:56.580+08:00  INFO 57658 --- [           main] com.example.batch.PersonItemProcessor    : Processing: Person[firstName=Jill, lastName=Doe, department=Engineering, salary=80000] -> PersonReport[fullName=JILL DOE, department=Engineering, salary=80000, bonus=16000]
2026-04-17T17:29:56.580+08:00  INFO 57658 --- [           main] com.example.batch.PersonItemProcessor    : Processing: Person[firstName=Joe, lastName=Doe, department=Sales, salary=60000] -> PersonReport[fullName=JOE DOE, department=Sales, salary=60000, bonus=9000]
2026-04-17T17:29:56.580+08:00  INFO 57658 --- [           main] com.example.batch.PersonItemProcessor    : Processing: Person[firstName=Justin, lastName=Doe, department=HR, salary=55000] -> PersonReport[fullName=JUSTIN DOE, department=HR, salary=55000, bonus=5500]
2026-04-17T17:29:56.581+08:00  INFO 57658 --- [           main] com.example.batch.PersonItemProcessor    : Processing: Person[firstName=Jane, lastName=Doe, department=Engineering, salary=90000] -> PersonReport[fullName=JANE DOE, department=Engineering, salary=90000, bonus=18000]
2026-04-17T17:29:56.581+08:00  INFO 57658 --- [           main] com.example.batch.PersonItemProcessor    : Processing: Person[firstName=John, lastName=Doe, department=Sales, salary=70000] -> PersonReport[fullName=JOHN DOE, department=Sales, salary=70000, bonus=10500]
2026-04-17T17:29:56.581+08:00  INFO 57658 --- [           main] com.example.batch.PersonItemProcessor    : Processing: Person[firstName=Jenny, lastName=Doe, department=HR, salary=50000] -> PersonReport[fullName=JENNY DOE, department=HR, salary=50000, bonus=5000]
2026-04-17T17:29:56.583+08:00  INFO 57658 --- [           main] o.s.batch.core.step.AbstractStep         : Step: [etlStep] executed in 4ms
2026-04-17T17:29:56.584+08:00  INFO 57658 --- [           main] o.s.b.c.l.support.SimpleJobLauncher      : Job: [SimpleJob: [name=etlJob]] completed with the following parameters: [{'random':'{value=6507697339280426910, type=class java.lang.Long, identifying=true}'}] and the following status: [COMPLETED] in 6ms
]]></system-out>
  </testcase>
</testsuite>