<?xml version="1.0" encoding="UTF-8"?>
<testsuite xmlns:xsi="http://www.w3.org/2001/XMLSchema-instance" xsi:noNamespaceSchemaLocation="https://maven.apache.org/surefire/maven-surefire-plugin/xsd/surefire-test-report-3.0.xsd" version="3.0" name="com.example.serverless.JpetstoreServerlessApplicationTests" time="0.709" tests="9" errors="0" skipped="0" failures="0">
  <properties>
[...]
</properties>
  <testcase name="searchWithNoFilter_returnsAllProducts" classname="com.example.serverless.JpetstoreServerlessApplicationTests" time="0.273">
    <system-out><![CDATA[10:44:39.507 [main] INFO org.springframework.test.context.support.AnnotationConfigContextLoaderUtils -- Could not detect default configuration classes for test class [com.example.serverless.JpetstoreServerlessApplicationTests]: JpetstoreServerlessApplicationTests does not declare any static, non-private, non-final, nested classes annotated with @Configuration.
10:44:39.541 [main] INFO org.springframework.boot.test.context.SpringBootTestContextBootstrapper -- Found @SpringBootConfiguration com.example.serverless.JpetstoreServerlessApplication for test class com.example.serverless.JpetstoreServerlessApplicationTests

  .   ____          _            __ _ _
 /\\ / ___'_ __ _ _(_)_ __  __ _ \ \ \ \
( ( )\___ | '_ | '_| | '_ \/ _` | \ \ \ \
 \\/  ___)| |_)| | | | | || (_| |  ) ) ) )
  '  |____| .__|_| |_|_| |_\__, | / / / /
 =========|_|==============|___/=/_/_/_/
 :: Spring Boot ::                (v3.2.4)

2026-04-17T10:44:39.654+08:00  INFO 15158 --- [           main] .e.s.JpetstoreServerlessApplicationTests : Starting JpetstoreServerlessApplicationTests using Java 25.0.2 with PID 15158 (started by chun in /Users/chun/Develop/software-architecture-explained-with-spring/examples/08-serverless/jpetstore-serverless)
2026-04-17T10:44:39.654+08:00  INFO 15158 --- [           main] .e.s.JpetstoreServerlessApplicationTests : No active profile set, falling back to 1 default profile: "default"
2026-04-17T10:44:39.884+08:00  INFO 15158 --- [           main] .e.s.JpetstoreServerlessApplicationTests : Started JpetstoreServerlessApplicationTests in 0.311 seconds (process running for 0.58)
]]></system-out>
    <system-err><![CDATA[WARNING: A Java agent has been loaded dynamically (/Users/chun/.m2/repository/net/bytebuddy/byte-buddy-agent/1.14.12/byte-buddy-agent-1.14.12.jar)
WARNING: If a serviceability tool is in use, please run with -XX:+EnableDynamicAgentLoading to hide this warning
WARNING: If a serviceability tool is not in use, please run with -Djdk.instrument.traceUsage for more information
WARNING: Dynamic loading of agents will be disallowed by default in a future release
]]></system-err>
  </testcase>
  <testcase name="purchase_unknownProduct_returnsRejected" classname="com.example.serverless.JpetstoreServerlessApplicationTests" time="0.003"/>
  <testcase name="searchByCategory_returnsOnlyThatCategory" classname="com.example.serverless.JpetstoreServerlessApplicationTests" time="0.001"/>
  <testcase name="purchase_invalidQty_returnsRejected" classname="com.example.serverless.JpetstoreServerlessApplicationTests" time="0.001"/>
  <testcase name="purchase_missingIdempotencyKey_returnsRejected" classname="com.example.serverless.JpetstoreServerlessApplicationTests" time="0.001"/>
  <testcase name="searchByKeyword_returnsMatchingProducts" classname="com.example.serverless.JpetstoreServerlessApplicationTests" time="0.001"/>
  <testcase name="purchase_isIdempotent" classname="com.example.serverless.JpetstoreServerlessApplicationTests" time="0.001"/>
  <testcase name="searchWithNonExistentKeyword_returnsEmptyList" classname="com.example.serverless.JpetstoreServerlessApplicationTests" time="0.0"/>
  <testcase name="purchase_validRequest_returnsSuccess" classname="com.example.serverless.JpetstoreServerlessApplicationTests" time="0.0"/>
</testsuite>